Analysis & Synthesis report for Phase1
Mon Jan 28 16:45:38 2019
Quartus II 64-Bit Version 13.0.1 Build 232 06/12/2013 Service Pack 1 SJ Full Version


---------------------
; Table of Contents ;
---------------------
  1. Legal Notice
  2. Analysis & Synthesis Summary
  3. Analysis & Synthesis Settings
  4. Parallel Compilation
  5. Analysis & Synthesis Messages



----------------
; Legal Notice ;
----------------
Copyright (C) 1991-2013 Altera Corporation
Your use of Altera Corporation's design tools, logic functions 
and other software and tools, and its AMPP partner logic 
functions, and any output files from any of the foregoing 
(including device programming or simulation files), and any 
associated documentation or information are expressly subject 
to the terms and conditions of the Altera Program License 
Subscription Agreement, Altera MegaCore Function License 
Agreement, or other applicable license agreement, including, 
without limitation, that your use is for the sole purpose of 
programming logic devices manufactured by Altera and sold by 
Altera or its authorized distributors.  Please refer to the 
applicable agreement for further details.



+---------------------------------------------------------------------------------------+
; Analysis & Synthesis Summary                                                          ;
+------------------------------------+--------------------------------------------------+
; Analysis & Synthesis Status        ; Failed - Mon Jan 28 16:45:38 2019                ;
; Quartus II 64-Bit Version          ; 13.0.1 Build 232 06/12/2013 SP 1 SJ Full Version ;
; Revision Name                      ; Phase1                                           ;
; Top-level Entity Name              ; Phase1Schematic                                  ;
; Family                             ; Cyclone III                                      ;
; Total logic elements               ; N/A until Partition Merge                        ;
;     Total combinational functions  ; N/A until Partition Merge                        ;
;     Dedicated logic registers      ; N/A until Partition Merge                        ;
; Total registers                    ; N/A until Partition Merge                        ;
; Total pins                         ; N/A until Partition Merge                        ;
; Total virtual pins                 ; N/A until Partition Merge                        ;
; Total memory bits                  ; N/A until Partition Merge                        ;
; Embedded Multiplier 9-bit elements ; N/A until Partition Merge                        ;
; Total PLLs                         ; N/A until Partition Merge                        ;
+------------------------------------+--------------------------------------------------+


+----------------------------------------------------------------------------------------------------------------------+
; Analysis & Synthesis Settings                                                                                        ;
+----------------------------------------------------------------------------+--------------------+--------------------+
; Option                                                                     ; Setting            ; Default Value      ;
+----------------------------------------------------------------------------+--------------------+--------------------+
; Device                                                                     ; EP3C16F484C6       ;                    ;
; Top-level entity name                                                      ; Phase1Schematic    ; Phase1             ;
; Family name                                                                ; Cyclone III        ; Cyclone IV GX      ;
; Use smart compilation                                                      ; Off                ; Off                ;
; Enable parallel Assembler and TimeQuest Timing Analyzer during compilation ; On                 ; On                 ;
; Enable compact report table                                                ; Off                ; Off                ;
; Restructure Multiplexers                                                   ; Auto               ; Auto               ;
; Create Debugging Nodes for IP Cores                                        ; Off                ; Off                ;
; Preserve fewer node names                                                  ; On                 ; On                 ;
; Disable OpenCore Plus hardware evaluation                                  ; Off                ; Off                ;
; Verilog Version                                                            ; Verilog_2001       ; Verilog_2001       ;
; VHDL Version                                                               ; VHDL_1993          ; VHDL_1993          ;
; State Machine Processing                                                   ; Auto               ; Auto               ;
; Safe State Machine                                                         ; Off                ; Off                ;
; Extract Verilog State Machines                                             ; On                 ; On                 ;
; Extract VHDL State Machines                                                ; On                 ; On                 ;
; Ignore Verilog initial constructs                                          ; Off                ; Off                ;
; Iteration limit for constant Verilog loops                                 ; 5000               ; 5000               ;
; Iteration limit for non-constant Verilog loops                             ; 250                ; 250                ;
; Add Pass-Through Logic to Inferred RAMs                                    ; On                 ; On                 ;
; Infer RAMs from Raw Logic                                                  ; On                 ; On                 ;
; Parallel Synthesis                                                         ; On                 ; On                 ;
; DSP Block Balancing                                                        ; Auto               ; Auto               ;
; NOT Gate Push-Back                                                         ; On                 ; On                 ;
; Power-Up Don't Care                                                        ; On                 ; On                 ;
; Remove Redundant Logic Cells                                               ; Off                ; Off                ;
; Remove Duplicate Registers                                                 ; On                 ; On                 ;
; Ignore CARRY Buffers                                                       ; Off                ; Off                ;
; Ignore CASCADE Buffers                                                     ; Off                ; Off                ;
; Ignore GLOBAL Buffers                                                      ; Off                ; Off                ;
; Ignore ROW GLOBAL Buffers                                                  ; Off                ; Off                ;
; Ignore LCELL Buffers                                                       ; Off                ; Off                ;
; Ignore SOFT Buffers                                                        ; On                 ; On                 ;
; Limit AHDL Integers to 32 Bits                                             ; Off                ; Off                ;
; Optimization Technique                                                     ; Balanced           ; Balanced           ;
; Carry Chain Length                                                         ; 70                 ; 70                 ;
; Auto Carry Chains                                                          ; On                 ; On                 ;
; Auto Open-Drain Pins                                                       ; On                 ; On                 ;
; Perform WYSIWYG Primitive Resynthesis                                      ; Off                ; Off                ;
; Auto ROM Replacement                                                       ; On                 ; On                 ;
; Auto RAM Replacement                                                       ; On                 ; On                 ;
; Auto DSP Block Replacement                                                 ; On                 ; On                 ;
; Auto Shift Register Replacement                                            ; Auto               ; Auto               ;
; Allow Shift Register Merging across Hierarchies                            ; Auto               ; Auto               ;
; Auto Clock Enable Replacement                                              ; On                 ; On                 ;
; Strict RAM Replacement                                                     ; Off                ; Off                ;
; Allow Synchronous Control Signals                                          ; On                 ; On                 ;
; Force Use of Synchronous Clear Signals                                     ; Off                ; Off                ;
; Auto RAM Block Balancing                                                   ; On                 ; On                 ;
; Auto RAM to Logic Cell Conversion                                          ; Off                ; Off                ;
; Auto Resource Sharing                                                      ; Off                ; Off                ;
; Allow Any RAM Size For Recognition                                         ; Off                ; Off                ;
; Allow Any ROM Size For Recognition                                         ; Off                ; Off                ;
; Allow Any Shift Register Size For Recognition                              ; Off                ; Off                ;
; Use LogicLock Constraints during Resource Balancing                        ; On                 ; On                 ;
; Ignore translate_off and synthesis_off directives                          ; Off                ; Off                ;
; Timing-Driven Synthesis                                                    ; On                 ; On                 ;
; Report Parameter Settings                                                  ; On                 ; On                 ;
; Report Source Assignments                                                  ; On                 ; On                 ;
; Report Connectivity Checks                                                 ; On                 ; On                 ;
; Ignore Maximum Fan-Out Assignments                                         ; Off                ; Off                ;
; Synchronization Register Chain Length                                      ; 2                  ; 2                  ;
; PowerPlay Power Optimization                                               ; Normal compilation ; Normal compilation ;
; HDL message level                                                          ; Level2             ; Level2             ;
; Suppress Register Optimization Related Messages                            ; Off                ; Off                ;
; Number of Removed Registers Reported in Synthesis Report                   ; 5000               ; 5000               ;
; Number of Swept Nodes Reported in Synthesis Report                         ; 5000               ; 5000               ;
; Number of Inverted Registers Reported in Synthesis Report                  ; 100                ; 100                ;
; Clock MUX Protection                                                       ; On                 ; On                 ;
; Auto Gated Clock Conversion                                                ; Off                ; Off                ;
; Block Design Naming                                                        ; Auto               ; Auto               ;
; SDC constraint protection                                                  ; Off                ; Off                ;
; Synthesis Effort                                                           ; Auto               ; Auto               ;
; Shift Register Replacement - Allow Asynchronous Clear Signal               ; On                 ; On                 ;
; Pre-Mapping Resynthesis Optimization                                       ; Off                ; Off                ;
; Analysis & Synthesis Message Level                                         ; Medium             ; Medium             ;
; Disable Register Merging Across Hierarchies                                ; Auto               ; Auto               ;
; Resource Aware Inference For Block RAM                                     ; On                 ; On                 ;
; Synthesis Seed                                                             ; 1                  ; 1                  ;
+----------------------------------------------------------------------------+--------------------+--------------------+


+------------------------------------------+
; Parallel Compilation                     ;
+----------------------------+-------------+
; Processors                 ; Number      ;
+----------------------------+-------------+
; Number detected on machine ; 8           ;
; Maximum allowed            ; 4           ;
;                            ;             ;
; Average used               ; 1.00        ;
; Maximum used               ; 1           ;
;                            ;             ;
; Usage by Processor         ; % Time Used ;
;     Processor 1            ; 100.0%      ;
;     Processors 2-8         ;   0.0%      ;
+----------------------------+-------------+


+-------------------------------+
; Analysis & Synthesis Messages ;
+-------------------------------+
Info: *******************************************************************
Info: Running Quartus II 64-Bit Analysis & Synthesis
    Info: Version 13.0.1 Build 232 06/12/2013 Service Pack 1 SJ Full Version
    Info: Processing started: Mon Jan 28 16:45:37 2019
Info: Command: quartus_map --read_settings_files=on --write_settings_files=off Phase1 -c Phase1
Info (11104): Parallel Compilation has detected 8 hyper-threaded processors. However, the extra hyper-threaded processors will not be used by default. Parallel Compilation will use 4 of the 4 physical processors detected instead.
Info (12021): Found 2 design units, including 1 entities, in source file typical_register.vhd
    Info (12022): Found design unit 1: register32-description
    Info (12023): Found entity 1: register32
Warning (12090): Entity "BusMux" obtained from "BusMux.vhd" instead of from Quartus II megafunction library
Info (12021): Found 2 design units, including 1 entities, in source file busmux.vhd
    Info (12022): Found design unit 1: BusMux-BusMux_architecture
    Info (12023): Found entity 1: BusMux
Info (12021): Found 2 design units, including 1 entities, in source file 32-5_busencoder.vhd
    Info (12022): Found design unit 1: encoder-bhv
    Info (12023): Found entity 1: encoder
Info (12021): Found 1 design units, including 1 entities, in source file phase1schematic.bdf
    Info (12023): Found entity 1: Phase1Schematic
Warning (12090): Entity "mux" obtained from "mux.vhd" instead of from Quartus II megafunction library
Info (12021): Found 2 design units, including 1 entities, in source file mux.vhd
    Info (12022): Found design unit 1: mux-description
    Info (12023): Found entity 1: mux
Info (12127): Elaborating entity "Phase1Schematic" for the top level hierarchy
Error (275024): Width mismatch in port "R8_BusMuxIn[31..0]" of instance "inst" and type BusMux -- source is ""R8_Out""
Error (275044): Port "BusMuxIn_Zhigh[31..0]" of type BusMux of instance "inst" is missing source signal
Error (275024): Width mismatch in port "R0_BusMuxOut[31..0]" of instance "inst1" and type encoder -- source is ""R0_Out""
Error (275024): Width mismatch in port "R1_BusMuxOut[31..0]" of instance "inst1" and type encoder -- source is ""R1_Out""
Error (275024): Width mismatch in port "R2_BusMuxOut[31..0]" of instance "inst1" and type encoder -- source is ""R2_Out""
Error (275024): Width mismatch in port "R3_BusMuxOut[31..0]" of instance "inst1" and type encoder -- source is ""R3_Out""
Error (275024): Width mismatch in port "R4_BusMuxOut[31..0]" of instance "inst1" and type encoder -- source is ""R4_Out""
Error (275024): Width mismatch in port "R5_BusMuxOut[31..0]" of instance "inst1" and type encoder -- source is ""R5_Out""
Error (275024): Width mismatch in port "R6_BusMuxOut[31..0]" of instance "inst1" and type encoder -- source is ""R6_Out""
Error (275024): Width mismatch in port "R7_BusMuxOut[31..0]" of instance "inst1" and type encoder -- source is ""R7_Out""
Error (275024): Width mismatch in port "R9_BusMuxOut[31..0]" of instance "inst1" and type encoder -- source is ""R9_Out""
Error (275024): Width mismatch in port "R10_BusMuxOut[31..0]" of instance "inst1" and type encoder -- source is ""R10_Out""
Error (275024): Width mismatch in port "R11_BusMuxOut[31..0]" of instance "inst1" and type encoder -- source is ""R11_Out""
Error (275024): Width mismatch in port "R12_BusMuxOut[31..0]" of instance "inst1" and type encoder -- source is ""R12_Out""
Error (275024): Width mismatch in port "R13_BusMuxOut[31..0]" of instance "inst1" and type encoder -- source is ""R13_Out""
Error (275024): Width mismatch in port "R14_BusMuxOut[31..0]" of instance "inst1" and type encoder -- source is ""R14_Out""
Error (275024): Width mismatch in port "R15_BusMuxOut[31..0]" of instance "inst1" and type encoder -- source is ""R15_Out""
Error (275024): Width mismatch in port "HIout[31..0]" of instance "inst1" and type encoder -- source is ""HI_Out""
Error (275024): Width mismatch in port "LOout[31..0]" of instance "inst1" and type encoder -- source is ""LO_Out""
Error (275044): Port "Zhighout[31..0]" of type encoder of instance "inst1" is missing source signal
Error (275044): Port "Zlowout[31..0]" of type encoder of instance "inst1" is missing source signal
Error (275044): Port "PCout[31..0]" of type encoder of instance "inst1" is missing source signal
Error (275044): Port "MDRout[31..0]" of type encoder of instance "inst1" is missing source signal
Error (275044): Port "In_Portout[31..0]" of type encoder of instance "inst1" is missing source signal
Error (275044): Port "Cout[31..0]" of type encoder of instance "inst1" is missing source signal
Error (275023): Width mismatch in R0_Out -- source is ""q[31..0]" (ID register32:r0)"
Error (275023): Width mismatch in R1_Out -- source is ""q[31..0]" (ID register32:r1)"
Error (275023): Width mismatch in R1_Out -- source is ""q[31..0]" (ID register32:r1)"
Error (275023): Width mismatch in R2_Out -- source is ""q[31..0]" (ID register32:r2)"
Error (275023): Width mismatch in R3_Out -- source is ""q[31..0]" (ID register32:r3)"
Error (275023): Width mismatch in R12_Out -- source is ""q[31..0]" (ID register32:r12)"
Error (275023): Width mismatch in R13_Out -- source is ""q[31..0]" (ID register32:r13)"
Error (275023): Width mismatch in R14_Out -- source is ""q[31..0]" (ID register32:r14)"
Error (275023): Width mismatch in R3_Out -- source is ""q[31..0]" (ID register32:r3)"
Error (275023): Width mismatch in R8_Out -- source is ""q[31..0]" (ID register32:r8)"
Error (275023): Width mismatch in R10_Out -- source is ""q[31..0]" (ID register32:r10)"
Error (275023): Width mismatch in R13_Out -- source is ""q[31..0]" (ID register32:r13)"
Error (275023): Width mismatch in R15_Out -- source is ""q[31..0]" (ID register32:r15)"
Error (275023): Width mismatch in HI_Out -- source is ""q[31..0]" (ID register32:hi)"
Error (275023): Width mismatch in LO_Out -- source is ""q[31..0]" (ID register32:lo)"
Error (275023): Width mismatch in R2_Out -- source is ""q[31..0]" (ID register32:r2)"
Error (275023): Width mismatch in R4_Out -- source is ""q[31..0]" (ID register32:r4)"
Error (275023): Width mismatch in R5_Out -- source is ""q[31..0]" (ID register32:r5)"
Error (275023): Width mismatch in R6_Out -- source is ""q[31..0]" (ID register32:r6)"
Error (275023): Width mismatch in R7_Out -- source is ""q[31..0]" (ID register32:r7)"
Error (275023): Width mismatch in R8_Out -- source is ""q[31..0]" (ID register32:r8)"
Error (275023): Width mismatch in R9_Out -- source is ""q[31..0]" (ID register32:r9)"
Error (275023): Width mismatch in R10_Out -- source is ""q[31..0]" (ID register32:r10)"
Error (275023): Width mismatch in R11_Out -- source is ""q[31..0]" (ID register32:r11)"
Error (275023): Width mismatch in R15_Out -- source is ""q[31..0]" (ID register32:r15)"
Error (275023): Width mismatch in R4_Out -- source is ""q[31..0]" (ID register32:r4)"
Error (275023): Width mismatch in R5_Out -- source is ""q[31..0]" (ID register32:r5)"
Error (275023): Width mismatch in R6_Out -- source is ""q[31..0]" (ID register32:r6)"
Error (275023): Width mismatch in R7_Out -- source is ""q[31..0]" (ID register32:r7)"
Error (275023): Width mismatch in R9_Out -- source is ""q[31..0]" (ID register32:r9)"
Error (275023): Width mismatch in R11_Out -- source is ""q[31..0]" (ID register32:r11)"
Error (275023): Width mismatch in R12_Out -- source is ""q[31..0]" (ID register32:r12)"
Error (275023): Width mismatch in R14_Out -- source is ""q[31..0]" (ID register32:r14)"
Error (275023): Width mismatch in HI_Out -- source is ""q[31..0]" (ID register32:hi)"
Error (275023): Width mismatch in LO_Out -- source is ""q[31..0]" (ID register32:lo)"
Error (275023): Width mismatch in R0_Out -- source is ""q[31..0]" (ID register32:r0)"
Error (12153): Can't elaborate top-level user hierarchy
Error: Quartus II 64-Bit Analysis & Synthesis was unsuccessful. 62 errors, 2 warnings
    Error: Peak virtual memory: 509 megabytes
    Error: Processing ended: Mon Jan 28 16:45:38 2019
    Error: Elapsed time: 00:00:01
    Error: Total CPU time (on all processors): 00:00:01


